<?xml version="1.0" encoding="UTF-8"?>
<testsuite xmlns:xsi="http://www.w3.org/2001/XMLSchema-instance" xsi:noNamespaceSchemaLocation="https://maven.apache.org/surefire/maven-surefire-plugin/xsd/surefire-test-report.xsd" version="3.0.2" name="TestSuite" time="18.451" tests="2" errors="0" skipped="0" failures="0">
  <properties>
    <property name="java.specification.version" value="21"/>
    <property name="sun.cpu.isalist" value="amd64"/>
    <property name="sun.jnu.encoding" value="Cp1252"/>
    <property name="sun.awt.enableExtraMouseButtons" value="true"/>
    <property name="java.class.path" value="D:\Opencart\OpencartV121\target\test-classes;D:\Opencart\OpencartV121\target\classes;C:\Users\suraj\.m2\repository\org\seleniumhq\selenium\selenium-java\4.23.1\selenium-java-4.23.1.jar;C:\Users\suraj\.m2\repository\org\seleniumhq\selenium\selenium-api\4.23.1\selenium-api-4.23.1.jar;C:\Users\suraj\.m2\repository\org\seleniumhq\selenium\selenium-chrome-driver\4.23.1\selenium-chrome-driver-4.23.1.jar;C:\Users\suraj\.m2\repository\com\google\auto\service\auto-service-annotations\1.1.1\auto-service-annotations-1.1.1.jar;C:\Users\suraj\.m2\repository\org\seleniumhq\selenium\selenium-chromium-driver\4.23.1\selenium-chromium-driver-4.23.1.jar;C:\Users\suraj\.m2\repository\org\seleniumhq\selenium\selenium-json\4.23.1\selenium-json-4.23.1.jar;C:\Users\suraj\.m2\repository\org\seleniumhq\selenium\selenium-manager\4.23.1\selenium-manager-4.23.1.jar;C:\Users\suraj\.m2\repository\org\seleniumhq\selenium\selenium-devtools-v125\4.23.1\selenium-devtools-v125-4.23.1.jar;C:\Users\suraj\.m2\repository\org\seleniumhq\selenium\selenium-devtools-v126\4.23.1\selenium-devtools-v126-4.23.1.jar;C:\Users\suraj\.m2\repository\org\seleniumhq\selenium\selenium-devtools-v127\4.23.1\selenium-devtools-v127-4.23.1.jar;C:\Users\suraj\.m2\repository\org\seleniumhq\selenium\selenium-devtools-v85\4.23.1\selenium-devtools-v85-4.23.1.jar;C:\Users\suraj\.m2\repository\org\seleniumhq\selenium\selenium-edge-driver\4.23.1\selenium-edge-driver-4.23.1.jar;C:\Users\suraj\.m2\repository\org\seleniumhq\selenium\selenium-firefox-driver\4.23.1\selenium-firefox-driver-4.23.1.jar;C:\Users\suraj\.m2\repository\org\seleniumhq\selenium\selenium-http\4.23.1\selenium-http-4.23.1.jar;C:\Users\suraj\.m2\repository\dev\failsafe\failsafe\3.3.2\failsafe-3.3.2.jar;C:\Users\suraj\.m2\repository\org\seleniumhq\selenium\selenium-ie-driver\4.23.1\selenium-ie-driver-4.23.1.jar;C:\Users\suraj\.m2\repository\org\seleniumhq\selenium\selenium-remote-driver\4.23.1\selenium-remote-driver-4.23.1.jar;C:\Users\suraj\.m2\repository\com\google\guava\guava\33.2.1-jre\guava-33.2.1-jre.jar;C:\Users\suraj\.m2\repository\com\google\guava\failureaccess\1.0.2\failureaccess-1.0.2.jar;C:\Users\suraj\.m2\repository\com\google\guava\listenablefuture\9999.0-empty-to-avoid-conflict-with-guava\listenablefuture-9999.0-empty-to-avoid-conflict-with-guava.jar;C:\Users\suraj\.m2\repository\com\google\code\findbugs\jsr305\3.0.2\jsr305-3.0.2.jar;C:\Users\suraj\.m2\repository\org\checkerframework\checker-qual\3.42.0\checker-qual-3.42.0.jar;C:\Users\suraj\.m2\repository\com\google\errorprone\error_prone_annotations\2.26.1\error_prone_annotations-2.26.1.jar;C:\Users\suraj\.m2\repository\com\google\j2objc\j2objc-annotations\3.0.0\j2objc-annotations-3.0.0.jar;C:\Users\suraj\.m2\repository\io\opentelemetry\semconv\opentelemetry-semconv\1.25.0-alpha\opentelemetry-semconv-1.25.0-alpha.jar;C:\Users\suraj\.m2\repository\io\opentelemetry\opentelemetry-api\1.40.0\opentelemetry-api-1.40.0.jar;C:\Users\suraj\.m2\repository\io\opentelemetry\opentelemetry-context\1.40.0\opentelemetry-context-1.40.0.jar;C:\Users\suraj\.m2\repository\io\opentelemetry\opentelemetry-exporter-logging\1.40.0\opentelemetry-exporter-logging-1.40.0.jar;C:\Users\suraj\.m2\repository\io\opentelemetry\opentelemetry-sdk-common\1.40.0\opentelemetry-sdk-common-1.40.0.jar;C:\Users\suraj\.m2\repository\io\opentelemetry\opentelemetry-sdk-extension-autoconfigure-spi\1.40.0\opentelemetry-sdk-extension-autoconfigure-spi-1.40.0.jar;C:\Users\suraj\.m2\repository\io\opentelemetry\opentelemetry-sdk-extension-autoconfigure\1.40.0\opentelemetry-sdk-extension-autoconfigure-1.40.0.jar;C:\Users\suraj\.m2\repository\io\opentelemetry\opentelemetry-api-incubator\1.40.0-alpha\opentelemetry-api-incubator-1.40.0-alpha.jar;C:\Users\suraj\.m2\repository\io\opentelemetry\opentelemetry-sdk-trace\1.40.0\opentelemetry-sdk-trace-1.40.0.jar;C:\Users\suraj\.m2\repository\io\opentelemetry\opentelemetry-sdk\1.40.0\opentelemetry-sdk-1.40.0.jar;C:\Users\suraj\.m2\repository\io\opentelemetry\opentelemetry-sdk-metrics\1.40.0\opentelemetry-sdk-metrics-1.40.0.jar;C:\Users\suraj\.m2\repository\io\opentelemetry\opentelemetry-sdk-logs\1.40.0\opentelemetry-sdk-logs-1.40.0.jar;C:\Users\suraj\.m2\repository\net\bytebuddy\byte-buddy\1.14.18\byte-buddy-1.14.18.jar;C:\Users\suraj\.m2\repository\org\seleniumhq\selenium\selenium-os\4.23.1\selenium-os-4.23.1.jar;C:\Users\suraj\.m2\repository\org\apache\commons\commons-exec\1.4.0\commons-exec-1.4.0.jar;C:\Users\suraj\.m2\repository\org\seleniumhq\selenium\selenium-safari-driver\4.23.1\selenium-safari-driver-4.23.1.jar;C:\Users\suraj\.m2\repository\org\seleniumhq\selenium\selenium-support\4.23.1\selenium-support-4.23.1.jar;C:\Users\suraj\.m2\repository\org\apache\poi\poi\5.3.0\poi-5.3.0.jar;C:\Users\suraj\.m2\repository\commons-codec\commons-codec\1.17.0\commons-codec-1.17.0.jar;C:\Users\suraj\.m2\repository\org\apache\commons\commons-collections4\4.4\commons-collections4-4.4.jar;C:\Users\suraj\.m2\repository\org\apache\commons\commons-math3\3.6.1\commons-math3-3.6.1.jar;C:\Users\suraj\.m2\repository\com\zaxxer\SparseBitSet\1.3\SparseBitSet-1.3.jar;C:\Users\suraj\.m2\repository\org\apache\poi\poi-ooxml\5.4.0\poi-ooxml-5.4.0.jar;C:\Users\suraj\.m2\repository\org\apache\poi\poi-ooxml-lite\5.4.0\poi-ooxml-lite-5.4.0.jar;C:\Users\suraj\.m2\repository\org\apache\xmlbeans\xmlbeans\5.3.0\xmlbeans-5.3.0.jar;C:\Users\suraj\.m2\repository\org\apache\commons\commons-compress\1.27.1\commons-compress-1.27.1.jar;C:\Users\suraj\.m2\repository\com\github\virtuald\curvesapi\1.08\curvesapi-1.08.jar;C:\Users\suraj\.m2\repository\org\apache\logging\log4j\log4j-core\2.24.1\log4j-core-2.24.1.jar;C:\Users\suraj\.m2\repository\org\apache\logging\log4j\log4j-api\2.24.3\log4j-api-2.24.3.jar;C:\Users\suraj\.m2\repository\org\apache\logging\log4j\log4j-slf4j-impl\2.24.3\log4j-slf4j-impl-2.24.3.jar;C:\Users\suraj\.m2\repository\org\slf4j\slf4j-api\1.7.36\slf4j-api-1.7.36.jar;C:\Users\suraj\.m2\repository\com\aventstack\extentreports\5.1.2\extentreports-5.1.2.jar;C:\Users\suraj\.m2\repository\io\reactivex\rxjava3\rxjava\3.1.6\rxjava-3.1.6.jar;C:\Users\suraj\.m2\repository\org\reactivestreams\reactive-streams\1.0.4\reactive-streams-1.0.4.jar;C:\Users\suraj\.m2\repository\org\freemarker\freemarker\2.3.32\freemarker-2.3.32.jar;C:\Users\suraj\.m2\repository\org\projectlombok\lombok\1.18.26\lombok-1.18.26.jar;C:\Users\suraj\.m2\repository\com\google\code\gson\gson\2.10.1\gson-2.10.1.jar;C:\Users\suraj\.m2\repository\org\testng\testng\7.10.2\testng-7.10.2.jar;C:\Users\suraj\.m2\repository\com\beust\jcommander\1.82\jcommander-1.82.jar;C:\Users\suraj\.m2\repository\org\webjars\jquery\3.7.1\jquery-3.7.1.jar;C:\Users\suraj\.m2\repository\commons-io\commons-io\2.18.0\commons-io-2.18.0.jar;C:\Users\suraj\.m2\repository\org\apache\commons\commons-lang3\3.16.0\commons-lang3-3.16.0.jar;C:\Users\suraj\.m2\repository\org\apache\commons\commons-email\1.6.0\commons-email-1.6.0.jar;C:\Users\suraj\.m2\repository\com\sun\mail\jakarta.mail\1.6.7\jakarta.mail-1.6.7.jar;C:\Users\suraj\.m2\repository\com\sun\activation\jakarta.activation\1.2.1\jakarta.activation-1.2.1.jar;"/>
    <property name="java.vm.vendor" value="Oracle Corporation"/>
    <property name="sun.arch.data.model" value="64"/>
    <property name="user.variant" value=""/>
    <property name="java.vendor.url" value="https://java.oracle.com/"/>
    <property name="user.timezone" value="Asia/Calcutta"/>
    <property name="os.name" value="Windows 11"/>
    <property name="java.vm.specification.version" value="21"/>
    <property name="sun.java.launcher" value="SUN_STANDARD"/>
    <property name="user.country" value="IN"/>
    <property name="sun.boot.library.path" value="C:\Program Files\Java\jdk-21\bin"/>
    <property name="sun.java.command" value="C:\Users\suraj\AppData\Local\Temp\surefire9515850746585198474\surefirebooter-20250417120824312_3.jar C:\Users\suraj\AppData\Local\Temp\surefire9515850746585198474 2025-04-17T12-08-24_131-jvmRun1 surefire-20250417120824312_1tmp surefire_0-20250417120824312_2tmp"/>
    <property name="jdk.debug" value="release"/>
    <property name="surefire.test.class.path" value="D:\Opencart\OpencartV121\target\test-classes;D:\Opencart\OpencartV121\target\classes;C:\Users\suraj\.m2\repository\org\seleniumhq\selenium\selenium-java\4.23.1\selenium-java-4.23.1.jar;C:\Users\suraj\.m2\repository\org\seleniumhq\selenium\selenium-api\4.23.1\selenium-api-4.23.1.jar;C:\Users\suraj\.m2\repository\org\seleniumhq\selenium\selenium-chrome-driver\4.23.1\selenium-chrome-driver-4.23.1.jar;C:\Users\suraj\.m2\repository\com\google\auto\service\auto-service-annotations\1.1.1\auto-service-annotations-1.1.1.jar;C:\Users\suraj\.m2\repository\org\seleniumhq\selenium\selenium-chromium-driver\4.23.1\selenium-chromium-driver-4.23.1.jar;C:\Users\suraj\.m2\repository\org\seleniumhq\selenium\selenium-json\4.23.1\selenium-json-4.23.1.jar;C:\Users\suraj\.m2\repository\org\seleniumhq\selenium\selenium-manager\4.23.1\selenium-manager-4.23.1.jar;C:\Users\suraj\.m2\repository\org\seleniumhq\selenium\selenium-devtools-v125\4.23.1\selenium-devtools-v125-4.23.1.jar;C:\Users\suraj\.m2\repository\org\seleniumhq\selenium\selenium-devtools-v126\4.23.1\selenium-devtools-v126-4.23.1.jar;C:\Users\suraj\.m2\repository\org\seleniumhq\selenium\selenium-devtools-v127\4.23.1\selenium-devtools-v127-4.23.1.jar;C:\Users\suraj\.m2\repository\org\seleniumhq\selenium\selenium-devtools-v85\4.23.1\selenium-devtools-v85-4.23.1.jar;C:\Users\suraj\.m2\repository\org\seleniumhq\selenium\selenium-edge-driver\4.23.1\selenium-edge-driver-4.23.1.jar;C:\Users\suraj\.m2\repository\org\seleniumhq\selenium\selenium-firefox-driver\4.23.1\selenium-firefox-driver-4.23.1.jar;C:\Users\suraj\.m2\repository\org\seleniumhq\selenium\selenium-http\4.23.1\selenium-http-4.23.1.jar;C:\Users\suraj\.m2\repository\dev\failsafe\failsafe\3.3.2\failsafe-3.3.2.jar;C:\Users\suraj\.m2\repository\org\seleniumhq\selenium\selenium-ie-driver\4.23.1\selenium-ie-driver-4.23.1.jar;C:\Users\suraj\.m2\repository\org\seleniumhq\selenium\selenium-remote-driver\4.23.1\selenium-remote-driver-4.23.1.jar;C:\Users\suraj\.m2\repository\com\google\guava\guava\33.2.1-jre\guava-33.2.1-jre.jar;C:\Users\suraj\.m2\repository\com\google\guava\failureaccess\1.0.2\failureaccess-1.0.2.jar;C:\Users\suraj\.m2\repository\com\google\guava\listenablefuture\9999.0-empty-to-avoid-conflict-with-guava\listenablefuture-9999.0-empty-to-avoid-conflict-with-guava.jar;C:\Users\suraj\.m2\repository\com\google\code\findbugs\jsr305\3.0.2\jsr305-3.0.2.jar;C:\Users\suraj\.m2\repository\org\checkerframework\checker-qual\3.42.0\checker-qual-3.42.0.jar;C:\Users\suraj\.m2\repository\com\google\errorprone\error_prone_annotations\2.26.1\error_prone_annotations-2.26.1.jar;C:\Users\suraj\.m2\repository\com\google\j2objc\j2objc-annotations\3.0.0\j2objc-annotations-3.0.0.jar;C:\Users\suraj\.m2\repository\io\opentelemetry\semconv\opentelemetry-semconv\1.25.0-alpha\opentelemetry-semconv-1.25.0-alpha.jar;C:\Users\suraj\.m2\repository\io\opentelemetry\opentelemetry-api\1.40.0\opentelemetry-api-1.40.0.jar;C:\Users\suraj\.m2\repository\io\opentelemetry\opentelemetry-context\1.40.0\opentelemetry-context-1.40.0.jar;C:\Users\suraj\.m2\repository\io\opentelemetry\opentelemetry-exporter-logging\1.40.0\opentelemetry-exporter-logging-1.40.0.jar;C:\Users\suraj\.m2\repository\io\opentelemetry\opentelemetry-sdk-common\1.40.0\opentelemetry-sdk-common-1.40.0.jar;C:\Users\suraj\.m2\repository\io\opentelemetry\opentelemetry-sdk-extension-autoconfigure-spi\1.40.0\opentelemetry-sdk-extension-autoconfigure-spi-1.40.0.jar;C:\Users\suraj\.m2\repository\io\opentelemetry\opentelemetry-sdk-extension-autoconfigure\1.40.0\opentelemetry-sdk-extension-autoconfigure-1.40.0.jar;C:\Users\suraj\.m2\repository\io\opentelemetry\opentelemetry-api-incubator\1.40.0-alpha\opentelemetry-api-incubator-1.40.0-alpha.jar;C:\Users\suraj\.m2\repository\io\opentelemetry\opentelemetry-sdk-trace\1.40.0\opentelemetry-sdk-trace-1.40.0.jar;C:\Users\suraj\.m2\repository\io\opentelemetry\opentelemetry-sdk\1.40.0\opentelemetry-sdk-1.40.0.jar;C:\Users\suraj\.m2\repository\io\opentelemetry\opentelemetry-sdk-metrics\1.40.0\opentelemetry-sdk-metrics-1.40.0.jar;C:\Users\suraj\.m2\repository\io\opentelemetry\opentelemetry-sdk-logs\1.40.0\opentelemetry-sdk-logs-1.40.0.jar;C:\Users\suraj\.m2\repository\net\bytebuddy\byte-buddy\1.14.18\byte-buddy-1.14.18.jar;C:\Users\suraj\.m2\repository\org\seleniumhq\selenium\selenium-os\4.23.1\selenium-os-4.23.1.jar;C:\Users\suraj\.m2\repository\org\apache\commons\commons-exec\1.4.0\commons-exec-1.4.0.jar;C:\Users\suraj\.m2\repository\org\seleniumhq\selenium\selenium-safari-driver\4.23.1\selenium-safari-driver-4.23.1.jar;C:\Users\suraj\.m2\repository\org\seleniumhq\selenium\selenium-support\4.23.1\selenium-support-4.23.1.jar;C:\Users\suraj\.m2\repository\org\apache\poi\poi\5.3.0\poi-5.3.0.jar;C:\Users\suraj\.m2\repository\commons-codec\commons-codec\1.17.0\commons-codec-1.17.0.jar;C:\Users\suraj\.m2\repository\org\apache\commons\commons-collections4\4.4\commons-collections4-4.4.jar;C:\Users\suraj\.m2\repository\org\apache\commons\commons-math3\3.6.1\commons-math3-3.6.1.jar;C:\Users\suraj\.m2\repository\com\zaxxer\SparseBitSet\1.3\SparseBitSet-1.3.jar;C:\Users\suraj\.m2\repository\org\apache\poi\poi-ooxml\5.4.0\poi-ooxml-5.4.0.jar;C:\Users\suraj\.m2\repository\org\apache\poi\poi-ooxml-lite\5.4.0\poi-ooxml-lite-5.4.0.jar;C:\Users\suraj\.m2\repository\org\apache\xmlbeans\xmlbeans\5.3.0\xmlbeans-5.3.0.jar;C:\Users\suraj\.m2\repository\org\apache\commons\commons-compress\1.27.1\commons-compress-1.27.1.jar;C:\Users\suraj\.m2\repository\com\github\virtuald\curvesapi\1.08\curvesapi-1.08.jar;C:\Users\suraj\.m2\repository\org\apache\logging\log4j\log4j-core\2.24.1\log4j-core-2.24.1.jar;C:\Users\suraj\.m2\repository\org\apache\logging\log4j\log4j-api\2.24.3\log4j-api-2.24.3.jar;C:\Users\suraj\.m2\repository\org\apache\logging\log4j\log4j-slf4j-impl\2.24.3\log4j-slf4j-impl-2.24.3.jar;C:\Users\suraj\.m2\repository\org\slf4j\slf4j-api\1.7.36\slf4j-api-1.7.36.jar;C:\Users\suraj\.m2\repository\com\aventstack\extentreports\5.1.2\extentreports-5.1.2.jar;C:\Users\suraj\.m2\repository\io\reactivex\rxjava3\rxjava\3.1.6\rxjava-3.1.6.jar;C:\Users\suraj\.m2\repository\org\reactivestreams\reactive-streams\1.0.4\reactive-streams-1.0.4.jar;C:\Users\suraj\.m2\repository\org\freemarker\freemarker\2.3.32\freemarker-2.3.32.jar;C:\Users\suraj\.m2\repository\org\projectlombok\lombok\1.18.26\lombok-1.18.26.jar;C:\Users\suraj\.m2\repository\com\google\code\gson\gson\2.10.1\gson-2.10.1.jar;C:\Users\suraj\.m2\repository\org\testng\testng\7.10.2\testng-7.10.2.jar;C:\Users\suraj\.m2\repository\com\beust\jcommander\1.82\jcommander-1.82.jar;C:\Users\suraj\.m2\repository\org\webjars\jquery\3.7.1\jquery-3.7.1.jar;C:\Users\suraj\.m2\repository\commons-io\commons-io\2.18.0\commons-io-2.18.0.jar;C:\Users\suraj\.m2\repository\org\apache\commons\commons-lang3\3.16.0\commons-lang3-3.16.0.jar;C:\Users\suraj\.m2\repository\org\apache\commons\commons-email\1.6.0\commons-email-1.6.0.jar;C:\Users\suraj\.m2\repository\com\sun\mail\jakarta.mail\1.6.7\jakarta.mail-1.6.7.jar;C:\Users\suraj\.m2\repository\com\sun\activation\jakarta.activation\1.2.1\jakarta.activation-1.2.1.jar;"/>
    <property name="sun.cpu.endian" value="little"/>
    <property name="user.home" value="C:\Users\suraj"/>
    <property name="user.language" value="en"/>
    <property name="java.specification.vendor" value="Oracle Corporation"/>
    <property name="java.version.date" value="2024-07-16"/>
    <property name="java.home" value="C:\Program Files\Java\jdk-21"/>
    <property name="file.separator" value="\"/>
    <property name="basedir" value="D:\Opencart\OpencartV121"/>
    <property name="java.vm.compressedOopsMode" value="32-bit"/>
    <property name="line.separator" value="&#10;"/>
    <property name="java.vm.specification.vendor" value="Oracle Corporation"/>
    <property name="java.specification.name" value="Java Platform API Specification"/>
    <property name="surefire.real.class.path" value="C:\Users\suraj\AppData\Local\Temp\surefire9515850746585198474\surefirebooter-20250417120824312_3.jar"/>
    <property name="user.script" value=""/>
    <property name="sun.management.compiler" value="HotSpot 64-Bit Tiered Compilers"/>
    <property name="java.runtime.version" value="21.0.4+8-LTS-274"/>
    <property name="user.name" value="suraj"/>
    <property name="stdout.encoding" value="Cp1252"/>
    <property name="path.separator" value=";"/>
    <property name="os.version" value="10.0"/>
    <property name="java.runtime.name" value="Java(TM) SE Runtime Environment"/>
    <property name="file.encoding" value="UTF-8"/>
    <property name="java.vm.name" value="Java HotSpot(TM) 64-Bit Server VM"/>
    <property name="localRepository" value="C:\Users\suraj\.m2\repository"/>
    <property name="java.vendor.url.bug" value="https://bugreport.java.com/bugreport/"/>
    <property name="java.io.tmpdir" value="C:\Users\suraj\AppData\Local\Temp\"/>
    <property name="java.version" value="21.0.4"/>
    <property name="user.dir" value="D:\Opencart\OpencartV121"/>
    <property name="os.arch" value="amd64"/>
    <property name="java.vm.specification.name" value="Java Virtual Machine Specification"/>
    <property name="sun.os.patch.level" value=""/>
    <property name="native.encoding" value="Cp1252"/>
    <property name="java.library.path" value="C:\Program Files\Java\jdk-21\bin;C:\WINDOWS\Sun\Java\bin;C:\WINDOWS\system32;C:\WINDOWS;C:\app\suraj\product\21c\dbhomeXE\bin;C:\Program Files\Common Files\Oracle\Java\javapath;C:\WINDOWS\system32;C:\WINDOWS;C:\WINDOWS\System32\Wbem;C:\WINDOWS\System32\WindowsPowerShell\v1.0\;C:\Program Files\Java\jdk-21\bin;C:\WINDOWS\System32\OpenSSH\;C:\Program Files\nodejs\;C:\Users\suraj\AppData\Local\Android\Sdk\platform-tools;C:\Users\suraj\AppData\Local\Android\Sdk;C:\Users\suraj\AppData\Local\Android\Sdk\build-tools;C:\Users\suraj\AppData\Local\Android\Sdk\platforms;C:\Program Files\Git\cmd;D:\apache-maven-3.9.9\bin;C:\Users\suraj\AppData\Local\Microsoft\WindowsApps;C:\Users\suraj\AppData\Roaming\npm;;."/>
    <property name="java.vm.info" value="mixed mode, sharing"/>
    <property name="stderr.encoding" value="Cp1252"/>
    <property name="java.vendor" value="Oracle Corporation"/>
    <property name="java.vm.version" value="21.0.4+8-LTS-274"/>
    <property name="sun.io.unicode.encoding" value="UnicodeLittle"/>
    <property name="java.class.version" value="65.0"/>
  </properties>
  <testcase name="verify_account_registration" classname="testCases.TC001_AccountRegistrationTest" time="2.714">
    <system-out><![CDATA[2025-04-17T06:38:25.668737400Z main INFO Starting configuration XmlConfiguration[location=D:\Opencart\OpencartV121\target\test-classes\log4j2.xml, lastModified=2025-04-16T18:30:26.838Z]...
2025-04-17T06:38:25.673430600Z main INFO Start watching for changes to D:\Opencart\OpencartV121\target\test-classes\log4j2.xml every 0 seconds
2025-04-17T06:38:25.673430600Z main INFO Configuration XmlConfiguration[location=D:\Opencart\OpencartV121\target\test-classes\log4j2.xml, lastModified=2025-04-16T18:30:26.838Z] started.
2025-04-17T06:38:25.674731200Z main INFO Stopping configuration org.apache.logging.log4j.core.config.DefaultConfiguration@3e92efc3...
2025-04-17T06:38:25.674731200Z main INFO Configuration org.apache.logging.log4j.core.config.DefaultConfiguration@3e92efc3 stopped.
]]></system-out>
    <system-err><![CDATA[Apr 17, 2025 12:08:32 PM org.openqa.selenium.devtools.CdpVersionFinder findNearestMatch
WARNING: Unable to find CDP implementation matching 135
Apr 17, 2025 12:08:32 PM org.openqa.selenium.chromium.ChromiumDriver lambda$new$5
WARNING: Unable to find version of CDP to use for 135.0.7049.85. You may need to include a dependency on a specific version of the CDP using something similar to `org.seleniumhq.selenium:selenium-devtools-v86:4.23.1` where the version ("v86") matches the version of the chromium-based browser you're using and the version number of the artifact is the same as Selenium's.
]]></system-err>
  </testcase>
  <testcase name="verify_login" classname="testCases.TC002_LoginTest" time="1.802">
    <system-err><![CDATA[Apr 17, 2025 12:08:38 PM org.openqa.selenium.devtools.CdpVersionFinder findNearestMatch
WARNING: Unable to find CDP implementation matching 135
Apr 17, 2025 12:08:38 PM org.openqa.selenium.chromium.ChromiumDriver lambda$new$5
WARNING: Unable to find version of CDP to use for 135.0.7049.85. You may need to include a dependency on a specific version of the CDP using something similar to `org.seleniumhq.selenium:selenium-devtools-v86:4.23.1` where the version ("v86") matches the version of the chromium-based browser you're using and the version number of the artifact is the same as Selenium's.
]]></system-err>
  </testcase>
</testsuite>