<?xml version="1.0" encoding="UTF-8"?>
<!-- Generated by org.testng.reporters.JUnitReportReporter -->
<testsuite hostname="DESKTOP-LV91ADD" failures="0" tests="1" name="testCases.TC002_LoginTest" time="1.973" errors="0" timestamp="2025-04-17T02:54:49 IST" skipped="0">
  <testcase classname="testCases.TC002_LoginTest" name="verify_login" time="1.973"/>
</testsuite> <!-- testCases.TC002_LoginTest -->
