<?xml version="1.0" encoding="UTF-8"?>
<!-- Generated by org.testng.reporters.JUnitReportReporter -->
<testsuite hostname="DESKTOP-LV91ADD" failures="0" tests="1" name="testCases.TC002_LoginTest" time="2.061" errors="0" timestamp="2025-04-17T15:58:53 IST" skipped="0">
  <testcase classname="testCases.TC002_LoginTest" name="verify_login" time="2.061"/>
</testsuite> <!-- testCases.TC002_LoginTest -->
