<?xml version="1.0" encoding="UTF-8"?>
<!-- Generated by org.testng.reporters.JUnitReportReporter -->
<testsuite hostname="DESKTOP-LV91ADD" failures="0" tests="1" name="testCases.TC001_AccountRegistrationTest" time="4.370" errors="0" timestamp="2025-04-17T15:40:31 IST" skipped="0">
  <testcase classname="testCases.TC001_AccountRegistrationTest" name="verify_account_registration" time="4.370"/>
</testsuite> <!-- testCases.TC001_AccountRegistrationTest -->
